<?xml version="1.0" encoding="UTF-8"?>
<!-- Generated by org.testng.reporters.JUnitReportReporter -->
<testsuite hostname="ACER-NITRO-5" failures="0" tests="2" name="org.example.tests.product.ProductSelectionTest" time="5.118" errors="0" timestamp="2025-04-15T14:31:33 GMT+07:00" skipped="0">
  <testcase classname="org.example.tests.product.ProductSelectionTest" name="testSizeSelection" time="2.921"/>
  <testcase classname="org.example.tests.product.ProductSelectionTest" name="testColorSelection" time="2.197"/>
</testsuite> <!-- org.example.tests.product.ProductSelectionTest -->
