<?xml version="1.0" encoding="UTF-8"?>
<!-- Generated by org.testng.reporters.JUnitReportReporter -->
<testsuite hostname="ACER-NITRO-5" failures="0" tests="2" name="org.example.tests.auth.LoginTest" time="9.508" errors="0" timestamp="2025-04-15T14:31:33 GMT+07:00" skipped="0">
  <testcase classname="org.example.tests.auth.LoginTest" name="testSuccessfulLogin" time="4.506"/>
  <testcase classname="org.example.tests.auth.LoginTest" name="testUnSuccessfulLogin" time="5.002"/>
</testsuite> <!-- org.example.tests.auth.LoginTest -->
