<?xml version="1.0" encoding="UTF-8"?>
<!-- Generated by org.testng.reporters.JUnitReportReporter -->
<testsuite hostname="ACER-NITRO-5" failures="0" tests="3" name="org.example.tests.home.HomePageProductsTest" time="3.392" errors="0" timestamp="2025-04-15T14:16:11 GMT+07:00" skipped="0">
  <testcase classname="org.example.tests.home.HomePageProductsTest" name="testProductSectionDisplay" time="0.138"/>
  <testcase classname="org.example.tests.home.HomePageProductsTest" name="testProductsLoaded" time="2.234"/>
  <testcase classname="org.example.tests.home.HomePageProductsTest" name="testProductCardClick" time="1.020"/>
</testsuite> <!-- org.example.tests.home.HomePageProductsTest -->
