<?xml version="1.0" encoding="UTF-8"?>
<!-- Generated by org.testng.reporters.JUnitReportReporter -->
<testsuite hostname="ACER-NITRO-5" failures="0" tests="2" name="org.example.tests.cart.ViewCartTest" time="20.324" errors="0" timestamp="2025-04-15T14:31:33 GMT+07:00" skipped="0">
  <testcase classname="org.example.tests.cart.ViewCartTest" name="testCartPageDisplay" time="10.110"/>
  <testcase classname="org.example.tests.cart.ViewCartTest" name="testSelectAllItems" time="10.214"/>
</testsuite> <!-- org.example.tests.cart.ViewCartTest -->
