<?xml version="1.0" encoding="UTF-8"?>
<!-- Generated by org.testng.reporters.JUnitReportReporter -->
<testsuite hostname="ACER-NITRO-5" failures="0" tests="1" name="org.example.tests.product.ProductDetailTest" time="0.138" errors="0" timestamp="2025-04-15T14:31:33 GMT+07:00" skipped="0">
  <testcase classname="org.example.tests.product.ProductDetailTest" name="testProductInformationDisplay" time="0.138"/>
</testsuite> <!-- org.example.tests.product.ProductDetailTest -->
