<?xml version="1.0" encoding="UTF-8"?>
<!-- Generated by org.testng.reporters.JUnitReportReporter -->
<testsuite hostname="ACER-NITRO-5" failures="0" tests="6" name="org.example.tests.product.AddToCartTest" time="15.575" errors="0" timestamp="2025-04-15T14:31:33 GMT+07:00" skipped="0">
  <testcase classname="org.example.tests.product.AddToCartTest" name="testAddSingleProductToCartWhenLoggedIn" time="2.650"/>
  <testcase classname="org.example.tests.product.AddToCartTest" name="testIncreaseQuantityButton" time="2.299"/>
  <testcase classname="org.example.tests.product.AddToCartTest" name="testDecreaseQuantityButton" time="2.321"/>
  <testcase classname="org.example.tests.product.AddToCartTest" name="testMinimumQuantityLimit" time="2.311"/>
  <testcase classname="org.example.tests.product.AddToCartTest" name="testMaximumQuantityLimit" time="3.763"/>
  <testcase classname="org.example.tests.product.AddToCartTest" name="testAddSingleProductToCartWhenNotLoggedIn" time="2.231"/>
</testsuite> <!-- org.example.tests.product.AddToCartTest -->
