<?xml version="1.0" encoding="UTF-8"?>
<!-- Generated by org.testng.reporters.JUnitReportReporter -->
<testsuite hostname="ACER-NITRO-5" failures="0" tests="9" name="org.example.tests.HomePageTest" time="8.718" errors="0" timestamp="2025-04-05T22:05:36 GMT+07:00" skipped="0">
  <testcase classname="org.example.tests.HomePageTest" name="testPageTitle" time="0.428"/>
  <testcase classname="org.example.tests.HomePageTest" name="testCarouselExists" time="0.527"/>
  <testcase classname="org.example.tests.HomePageTest" name="testCategorySectionExists" time="0.496"/>
  <testcase classname="org.example.tests.HomePageTest" name="testProductSectionExists" time="0.371"/>
  <testcase classname="org.example.tests.HomePageTest" name="testCategoriesLoaded" time="0.745"/>
  <testcase classname="org.example.tests.HomePageTest" name="testProductsLoaded" time="0.545"/>
  <testcase classname="org.example.tests.HomePageTest" name="testProductCardDetails" time="0.583"/>
  <testcase classname="org.example.tests.HomePageTest" name="testHeaderFooterLoaded" time="3.652"/>
  <testcase classname="org.example.tests.HomePageTest" name="testProductCardClick" time="1.371"/>
</testsuite> <!-- org.example.tests.HomePageTest -->
