<?xml version="1.0" encoding="UTF-8"?>
<!-- Generated by org.testng.reporters.JUnitReportReporter -->
<testsuite hostname="ACER-NITRO-5" failures="0" tests="4" name="org.example.tests.orders.OrdersTest" time="120.072" errors="0" timestamp="2025-04-15T14:31:33 GMT+07:00" skipped="0">
  <testcase classname="org.example.tests.orders.OrdersTest" name="testDefaultPageDisplay" time="10.168"/>
  <testcase classname="org.example.tests.orders.OrdersTest" name="testOrderFiltering" time="63.646"/>
  <testcase classname="org.example.tests.orders.OrdersTest" name="testViewOrderDetail" time="23.241"/>
  <testcase classname="org.example.tests.orders.OrdersTest" name="testSidebarNavigation" time="23.017"/>
</testsuite> <!-- org.example.tests.orders.OrdersTest -->
