<?xml version="1.0" encoding="UTF-8"?>
<!-- Generated by org.testng.reporters.JUnitReportReporter -->
<testsuite hostname="ACER-NITRO-5" failures="0" tests="2" name="org.example.tests.cart.ProceedToCheckoutTest" time="22.345" errors="0" timestamp="2025-04-15T14:31:33 GMT+07:00" skipped="0">
  <testcase classname="org.example.tests.cart.ProceedToCheckoutTest" name="testProceedToCheckout" time="12.297"/>
  <testcase classname="org.example.tests.cart.ProceedToCheckoutTest" name="testContinueShopping" time="10.048"/>
</testsuite> <!-- org.example.tests.cart.ProceedToCheckoutTest -->
