<?xml version="1.0" encoding="UTF-8"?>
<!-- Generated by org.testng.reporters.JUnitReportReporter -->
<testsuite hostname="ACER-NITRO-5" failures="0" tests="2" name="org.example.tests.product.BuyNowTest" time="3.403" errors="0" timestamp="2025-04-15T14:31:33 GMT+07:00" skipped="0">
  <testcase classname="org.example.tests.product.BuyNowTest" name="testBuyNowWhenLoggedIn" time="3.051"/>
  <testcase classname="org.example.tests.product.BuyNowTest" name="testBuyNowWhenNotLoggedIn" time="0.352"/>
</testsuite> <!-- org.example.tests.product.BuyNowTest -->
