<?xml version="1.0" encoding="UTF-8"?>
<!-- Generated by org.testng.reporters.JUnitReportReporter -->
<testsuite hostname="ACER-NITRO-5" failures="0" tests="6" name="org.example.tests.ChangePass.ChangePassTest" time="6.319" errors="0" timestamp="2025-04-15T14:31:33 GMT+07:00" skipped="0">
  <testcase classname="org.example.tests.ChangePass.ChangePassTest" name="testPasswordMismatch" time="0.391"/>
  <testcase classname="org.example.tests.ChangePass.ChangePassTest" name="testNewPasswordSameAsOld" time="0.310"/>
  <testcase classname="org.example.tests.ChangePass.ChangePassTest" name="testMissingInformation" time="0.677"/>
  <testcase classname="org.example.tests.ChangePass.ChangePassTest" name="testPasswordTooShort" time="0.317"/>
  <testcase classname="org.example.tests.ChangePass.ChangePassTest" name="testIncorrectOldPassword" time="0.874"/>
  <testcase classname="org.example.tests.ChangePass.ChangePassTest" name="testChangePasswordSuccess" time="3.750"/>
</testsuite> <!-- org.example.tests.ChangePass.ChangePassTest -->
