<?xml version="1.0" encoding="UTF-8"?>
<!-- Generated by org.testng.reporters.JUnitReportReporter -->
<testsuite hostname="ACER-NITRO-5" failures="0" tests="6" name="org.example.tests.orders.OrderDetailTest" time="50.482" errors="0" timestamp="2025-04-15T14:31:33 GMT+07:00" skipped="0">
  <testcase classname="org.example.tests.orders.OrderDetailTest" name="testOrderDetailDisplay" time="0.563"/>
  <testcase classname="org.example.tests.orders.OrderDetailTest" name="testCancelButtonVisibility" time="0.069"/>
  <testcase classname="org.example.tests.orders.OrderDetailTest" name="testCancelOrder" time="2.875"/>
  <testcase classname="org.example.tests.orders.OrderDetailTest" name="testBackButtonFunction" time="42.409"/>
  <testcase classname="org.example.tests.orders.OrderDetailTest" name="testInvalidOrderId" time="2.089"/>
  <testcase classname="org.example.tests.orders.OrderDetailTest" name="testSidebarNavigation" time="2.477"/>
</testsuite> <!-- org.example.tests.orders.OrderDetailTest -->
